<?xml version="1.0" encoding="UTF-8"?>
<testsuite xmlns:xsi="http://www.w3.org/2001/XMLSchema-instance" xsi:noNamespaceSchemaLocation="https://maven.apache.org/surefire/maven-surefire-plugin/xsd/surefire-test-report.xsd" version="3.0.2" name="com.jodel.VotingServiceTest" time="0.076" tests="5" errors="0" skipped="0" failures="0">
  <properties>
[...]
</properties>
  <testcase name="testGetLikes" classname="com.jodel.VotingServiceTest" time="0.061"/>
  <testcase name="testGetVotings" classname="com.jodel.VotingServiceTest" time="0.003"/>
  <testcase name="testGetDislikes" classname="com.jodel.VotingServiceTest" time="0.002"/>
  <testcase name="testUpvote" classname="com.jodel.VotingServiceTest" time="0.006"/>
  <testcase name="testDownvote" classname="com.jodel.VotingServiceTest" time="0.003"/>
</testsuite>